<repository-service default-repository="repository">
    <repositories>
        <repository name="repository" system-workspace="system" default-workspace="collaboration">
            <security-domain>gatein-domain</security-domain>
            <access-control>optional</access-control>
            <authentication-policy>org.exoplatform.services.jcr.impl.core.access.JAASAuthenticator</authentication-policy>

            <!-- System -->
            <workspaces>
                <workspace name="system">
                    <container class="org.exoplatform.services.jcr.impl.storage.jdbc.optimisation.CQJDBCWorkspaceDataContainer">
                        <properties>
                            <property name="source-name" value="jdbcexo"/>
                            <property name="dialect" value="auto"/>
                            <property name="db-structure-type" value="isolated"/>
                            <property name="update-storage" value="true"/>
                            <property name="max-buffer-size" value="204800"/>
                            <property name="swap-directory" value="${gatein.test.tmp.dir}/jcr/swap/system"/>
                        </properties>
                        <value-storages>
                            <value-storage id="system"
                                           class="org.exoplatform.services.jcr.impl.storage.value.fs.TreeFileValueStorage">
                                <properties>
                                    <property name="path" value="${gatein.test.tmp.dir}/jcr/values/system"/>
                                </properties>
                                <filters>
                                    <filter property-type="Binary"/>
                                </filters>
                            </value-storage>
                        </value-storages>
                    </container>
                    <initializer class="org.exoplatform.services.jcr.impl.core.ScratchWorkspaceInitializer">
                        <properties>
                            <property name="root-nodetype" value="nt:unstructured"/>
                            <property name="root-permissions"
                                      value="*:/platform/administrators read;*:/platform/administrators add_node;*:/platform/administrators set_property;*:/platform/administrators remove"/>
                        </properties>
                    </initializer>
                    <cache enabled="true" class="org.exoplatform.services.jcr.impl.dataflow.persistent.infinispan.ISPNCacheWorkspaceStorageCache">
                        <properties>
                            <property name="infinispan-configuration" value="conf/exo.portal.component.test.jcr-infinispan-config.xml" />
                        </properties>
                    </cache>
                    <query-handler class="org.exoplatform.services.jcr.impl.core.query.lucene.SearchIndex">
                        <properties>
                            <property name="index-dir" value="${gatein.test.tmp.dir}/jcr/jcrlucenedb/system"/>
                        </properties>
                    </query-handler>
                    <lock-manager class="org.exoplatform.services.jcr.impl.core.lock.infinispan.ISPNCacheableLockManagerImpl">
                        <properties>
                            <property name="time-out" value="15m" />
                            <property name="infinispan-configuration" value="conf/exo.portal.component.test.jcr-infinispan-lock.xml" />
                            <property name="infinispan-cl-cache.jdbc.table.name" value="lk" />
                            <property name="infinispan-cl-cache.jdbc.table.create" value="true" />
                            <property name="infinispan-cl-cache.jdbc.table.drop" value="false" />
                            <property name="infinispan-cl-cache.jdbc.id.column" value="id" />
                            <property name="infinispan-cl-cache.jdbc.data.column" value="data" />
                            <property name="infinispan-cl-cache.jdbc.timestamp.column" value="timestamp" />
                            <property name="infinispan-cl-cache.jdbc.datasource" value="jdbcexo" />
                            <property name="jbosscache-cl-cache.jdbc.dialect" value="auto"/>
                        </properties>
                    </lock-manager>
                </workspace>

                <!-- Portal system data -->
                <workspace name="collaboration">
                    <container class="org.exoplatform.services.jcr.impl.storage.jdbc.optimisation.CQJDBCWorkspaceDataContainer">
                        <properties>
                            <property name="source-name" value="jdbcexo"/>
                            <property name="dialect" value="auto"/>
                            <property name="db-structure-type" value="isolated"/>
                            <property name="update-storage" value="true"/>
                            <property name="max-buffer-size" value="204800"/>
                            <property name="swap-directory" value="${gatein.test.tmp.dir}/jcr/swap/collaboration"/>
                        </properties>
                        <value-storages>
                            <value-storage id="collaboration"
                                           class="org.exoplatform.services.jcr.impl.storage.value.fs.TreeFileValueStorage">
                                <properties>
                                    <property name="path" value="${gatein.test.tmp.dir}/jcr/values/collaboration"/>
                                </properties>
                                <filters>
                                    <filter property-type="Binary"/>
                                </filters>
                            </value-storage>
                        </value-storages>
                    </container>
                    <initializer class="org.exoplatform.services.jcr.impl.core.ScratchWorkspaceInitializer">
                        <properties>
                            <property name="root-nodetype" value="nt:unstructured"/>
                            <property name="root-permissions"
                                      value="*:/platform/administrators read;*:/platform/administrators add_node;*:/platform/administrators set_property;*:/platform/administrators remove"/>
                        </properties>
                    </initializer>
                    <cache enabled="true" class="org.exoplatform.services.jcr.impl.dataflow.persistent.infinispan.ISPNCacheWorkspaceStorageCache">
                        <properties>
                            <property name="infinispan-configuration" value="conf/exo.portal.component.test.jcr-infinispan-config.xml" />
                        </properties>
                    </cache>
                    <query-handler class="org.exoplatform.services.jcr.impl.core.query.lucene.SearchIndex">
                        <properties>
                            <property name="index-dir" value="${gatein.test.tmp.dir}/jcr/jcrlucenedb/collaboration"/>
                        </properties>
                    </query-handler>
                    <lock-manager class="org.exoplatform.services.jcr.impl.core.lock.infinispan.ISPNCacheableLockManagerImpl">
                        <properties>
                            <property name="time-out" value="15m" />
                            <property name="infinispan-configuration" value="conf/exo.portal.component.test.jcr-infinispan-lock.xml" />
                            <property name="infinispan-cl-cache.jdbc.table.name" value="lk" />
                            <property name="infinispan-cl-cache.jdbc.table.create" value="true" />
                            <property name="infinispan-cl-cache.jdbc.table.drop" value="false" />
                            <property name="infinispan-cl-cache.jdbc.id.column" value="id" />
                            <property name="infinispan-cl-cache.jdbc.data.column" value="data" />
                            <property name="infinispan-cl-cache.jdbc.timestamp.column" value="timestamp" />
                            <property name="infinispan-cl-cache.jdbc.datasource" value="jdbcexo" />
                            <property name="jbosscache-cl-cache.jdbc.dialect" value="auto"/>
                        </properties>
                    </lock-manager>
                </workspace>
            </workspaces>
        </repository>
    </repositories>
</repository-service>
