<?xml version="1.0" encoding="ISO-8859-1"?>
<configuration
   xmlns:xsi="http://www.w3.org/2001/XMLSchema-instance"
   xsi:schemaLocation="http://www.exoplatform.org/xml/ns/kernel_1_2.xsd http://www.exoplatform.org/xml/ns/kernel_1_2.xsd"
   xmlns="http://www.exoplaform.org/xml/ns/kernel_1_1.xsd">

	<component>
		<key>org.exoplatform.services.jcr.RepositoryService</key>
		<type>org.exoplatform.services.jcr.impl.RepositoryServiceImpl</type>
	</component>
	<component>
      <key>org.exoplatform.services.jcr.ext.distribution.DataDistributionManager</key>
      <type>org.exoplatform.services.jcr.ext.distribution.impl.DataDistributionManagerImpl</type>
    </component>
	<component>
		<key>org.exoplatform.services.jcr.ext.hierarchy.NodeHierarchyCreator</key>
		<type>org.exoplatform.services.jcr.ext.hierarchy.impl.NodeHierarchyCreatorImpl</type>
	</component>
	<component>
		<type>org.exoplatform.services.jcr.impl.ext.action.SessionActionCatalog</type>
	</component>
    <external-component-plugins>
        <!-- The full qualified name of the RepositoryServiceConfiguration -->
        <target-component>org.exoplatform.services.jcr.config.RepositoryServiceConfiguration</target-component>
        <component-plugin>
            <!-- The name of the plugin -->
            <name>Sample RepositoryServiceConfiguration Plugin</name>
            <!-- The name of the method to call on the RepositoryServiceConfiguration in order to add the RepositoryServiceConfigurations -->
            <set-method>addConfig</set-method>
            <!-- The full qualified name of the RepositoryServiceConfigurationPlugin -->
            <type>org.exoplatform.services.jcr.impl.config.RepositoryServiceConfigurationPlugin</type>
            <init-params>
                <value-param>
                    <name>conf-path</name>
                    <description>JCR configuration file</description>
                    <value>classpath:/conf/jcr/test-repository-configuration.xml</value>
                </value-param>
            </init-params>
        </component-plugin>
    </external-component-plugins>
</configuration>